<?xml version="1.0" encoding="UTF-8"?>
<testsuite name="com.ceiba.cine.PeliculaTest" tests="1" skipped="0" failures="0" errors="0" timestamp="2019-11-14T22:51:16" hostname="CESAR-GRAJALES" time="0.009">
  <properties/>
  <testcase name="miPrimerTest()" classname="com.ceiba.cine.PeliculaTest" time="0.009"/>
  <system-out><![CDATA[]]></system-out>
  <system-err><![CDATA[]]></system-err>
</testsuite>
